d:\albertyao\zhao hui's task\v2x\capldll\vs 2017 project\debug\capldll.bsc
d:\albertyao\zhao hui's task\v2x\capldll\vs 2017 project\debug\capldll.lib
d:\albertyao\zhao hui's task\v2x\capldll\vs 2017 project\debug\capldll.exp
d:\albertyao\zhao hui's task\v2x\capldll\vs 2017 project\debug\vc141.pdb
d:\albertyao\zhao hui's task\v2x\capldll\vs 2017 project\debug\capldll.sbr
d:\albertyao\zhao hui's task\v2x\capldll\vs 2017 project\debug\capldll.obj
d:\albertyao\zhao hui's task\v2x\capldll\vs 2017 project\debug\capldll.dll
d:\albertyao\zhao hui's task\v2x\capldll\vs 2017 project\debug\capldll.map
d:\albertyao\zhao hui's task\v2x\capldll\vs 2017 project\debug\capldll.pdb
d:\albertyao\zhao hui's task\v2x\capldll\vs 2017 project\.\debug\capldll.dll
d:\albertyao\zhao hui's task\v2x\capldll\vs 2017 project\debug\capldll.tlog\bscmake.command.1.tlog
d:\albertyao\zhao hui's task\v2x\capldll\vs 2017 project\debug\capldll.tlog\bscmake.read.1.tlog
d:\albertyao\zhao hui's task\v2x\capldll\vs 2017 project\debug\capldll.tlog\bscmake.write.1.tlog
d:\albertyao\zhao hui's task\v2x\capldll\vs 2017 project\debug\capldll.tlog\capldll.write.1u.tlog
d:\albertyao\zhao hui's task\v2x\capldll\vs 2017 project\debug\capldll.tlog\cl.command.1.tlog
d:\albertyao\zhao hui's task\v2x\capldll\vs 2017 project\debug\capldll.tlog\cl.read.1.tlog
d:\albertyao\zhao hui's task\v2x\capldll\vs 2017 project\debug\capldll.tlog\cl.write.1.tlog
d:\albertyao\zhao hui's task\v2x\capldll\vs 2017 project\debug\capldll.tlog\link.command.1.tlog
d:\albertyao\zhao hui's task\v2x\capldll\vs 2017 project\debug\capldll.tlog\link.delete.1.tlog
d:\albertyao\zhao hui's task\v2x\capldll\vs 2017 project\debug\capldll.tlog\link.read.1.tlog
d:\albertyao\zhao hui's task\v2x\capldll\vs 2017 project\debug\capldll.tlog\link.write.1.tlog
